# timestamp | duration | file | instruction | dir | modtime | etag | size | fileId | status | errorString | http result code | other size | other modtime | other etag | other fileId | other instruction
#=#=#=# Syncrun started 2018-05-02T10:29:26Z
#=#=#=#=# Propagation starts 2018-05-02T10:29:27Z (last step: 491 msec, total: 491 msec)
10:29:29||AnimStarterPack|INST_NEW|Up|1525256841||16384|101435100occ8b83b46bc|4||201|0|0||||
10:29:29||StarterContent|INST_NEW|Up|1525256335||4096|101435104occ8b83b46bc|4||201|0|0||||
10:29:30||AnimStarterPack/UE4_Mannequin|INST_NEW|Up|1525256322||0|101435108occ8b83b46bc|4||201|0|0||||
10:29:30||AnimStarterPack/BS_CrouchWalk.uasset|INST_NEW|Up|1525256322|ccc78c76f21648cb295aa2bb3373e407|95819|101435112occ8b83b46bc|4||201|0|0||||
10:29:30||AnimStarterPack/UE4_Mannequin/Materials|INST_NEW|Up|1525256325||0|101435116occ8b83b46bc|4||201|0|0||||
10:29:30||AnimStarterPack/Aim_Space_Ironsights.uasset|INST_NEW|Up|1525256322|9f179a52241e4f6f72acb2bca42bfd45|144512|101435120occ8b83b46bc|4||201|0|0||||
10:29:30||AnimStarterPack/Aim_Space_Hip.uasset|INST_NEW|Up|1525256322|e544702bb2a20d136b341895ae82882e|144775|101435124occ8b83b46bc|4||201|0|0||||
10:29:30||AnimStarterPack/UE4_Mannequin/Mesh|INST_NEW|Up|1525256325||0|101435128occ8b83b46bc|4||201|0|0||||
10:29:30||AnimStarterPack/UE4_Mannequin/Materials/M_UE4Man_Body.uasset|INST_NEW|Up|1525256325|e52b0f73519b48e6db4345ca46d81369|139251|101435132occ8b83b46bc|4||201|0|0||||
10:29:30||AnimStarterPack/UE4_Mannequin/Materials/M_UE4Man_ChestLogo.uasset|INST_NEW|Up|1525256325|726e678983f8909c7aeee1df786e76e1|100827|101435136occ8b83b46bc|4||201|0|0||||
10:29:30||AnimStarterPack/UE4_Mannequin/Materials/MaterialLayers|INST_NEW|Up|1525256325||4096|101435140occ8b83b46bc|4||201|0|0||||
10:29:31||AnimStarterPack/UE4_Mannequin/Textures|INST_NEW|Up|1525256325||4096|101435144occ8b83b46bc|4||201|0|0||||
10:29:31||AnimStarterPack/UE4_Mannequin/Mesh/UE4_Mannequin_Skeleton.uasset|INST_NEW|Up|1525256325|0324993d4aaadaf3d2a5bb1b1bae2280|11980|101435148occ8b83b46bc|4||201|0|0||||
10:29:31||AnimStarterPack/UE4_Mannequin/Materials/MaterialLayers/ML_GlossyBlack_Latex_UE4.uasset|INST_NEW|Up|1525256325|59cb806deb500bebafdb77a271094e9d|79758|101435156occ8b83b46bc|4||201|0|0||||
10:29:31||AnimStarterPack/UE4_Mannequin/Mesh/SK_Mannequin_PhysicsAsset.uasset|INST_NEW|Up|1525256325|6b3852e436b907e46141932f0439fc67|127951|101435164occ8b83b46bc|4||201|0|0||||
10:29:32||AnimStarterPack/UE4_Mannequin/Materials/MaterialLayers/ML_Plastic_Shiny_Beige.uasset|INST_NEW|Up|1525256325|9e5a91b52a3d2bcf7b0d0d7b37aa40b6|75911|101435172occ8b83b46bc|4||201|0|0||||
10:29:32||AnimStarterPack/UE4_Mannequin/Materials/MaterialLayers/T_ML_Aluminum01_N.uasset|INST_NEW|Up|1525256325|9cee3ba46fe19b7bc17543973a711c54|405950|101435180occ8b83b46bc|4||201|0|0||||
10:29:33||AnimStarterPack/UE4_Mannequin/Materials/MaterialLayers/ML_SoftMetal_UE4.uasset|INST_NEW|Up|1525256325|762de24a5cd690b53173865939554eff|79781|101435188occ8b83b46bc|4||201|0|0||||
10:29:32||AnimStarterPack/UE4_Mannequin/Materials/MaterialLayers/ML_Plastic_Shiny_Beige_LOGO.uasset|INST_NEW|Up|1525256325|9c8c8ef9319e453a2e02783058280347|76860|101435192occ8b83b46bc|4||201|0|0||||
10:29:33||AnimStarterPack/UE4_Mannequin/Materials/MaterialLayers/T_ML_Rubber_Blue_01_D.uasset|INST_NEW|Up|1525256325|9754eb0fde7ed8a5eb867240b34c2d96|471442|101435200occ8b83b46bc|4||201|0|0||||
10:29:33||AnimStarterPack/UE4_Mannequin/Materials/MaterialLayers/T_ML_Aluminum01.uasset|INST_NEW|Up|1525256325|efc386554046b2a2b6506af7a7f35f56|435081|101435216occ8b83b46bc|4||201|0|0||||
10:29:35||AnimStarterPack/UE4_Mannequin/Textures/UE4Man_Logo_N.uasset|INST_NEW|Up|1525256325|03405346897bcf78e9e3f0a8a9bdb4da|162459|101435224occ8b83b46bc|4||201|0|0||||
10:29:36||AnimStarterPack/UE4_Mannequin/Textures/UE4_LOGO_CARD.uasset|INST_NEW|Up|1525256325|875eef9be9e5fcfe7e1b15d2fba17155|95844|101435236occ8b83b46bc|4||201|0|0||||
10:29:34||AnimStarterPack/UE4_Mannequin/Materials/MaterialLayers/T_ML_Rubber_Blue_01_N.uasset|INST_NEW|Up|1525256325|6e11c1e83e4a06830013098750d2ac27|362811|101435240occ8b83b46bc|4||201|0|0||||
10:29:36||AnimStarterPack/UE4_Mannequin/Textures/UE4_Mannequin_MAT_MASKA.uasset|INST_NEW|Up|1525256325|73609c646f79ee08cba2546d0c996f4a|275577|101435248occ8b83b46bc|4||201|0|0||||
10:29:37||AnimStarterPack/UE4_Mannequin/Textures/UE4_Mannequin_occlusion_Mobile.uasset|INST_NEW|Up|1525256325|ed9c5b62b32a22c4be5c9790f110d603|363029|101435260occ8b83b46bc|4||201|0|0||||
10:29:38||AnimStarterPack/BS_Jog.uasset|INST_NEW|Up|1525256322|de1b2e8e29c04b089e40d0bcc92f8ac7|95870|101435268occ8b83b46bc|4||201|0|0||||
10:29:38||AnimStarterPack/Crouch_Idle_Rifle_Hip.uasset|INST_NEW|Up|1525256322|dc85a9960b742107e988048c530434fc|193022|101435272occ8b83b46bc|4||201|0|0||||
10:29:38||AnimStarterPack/Crouch_Idle_Rifle_Ironsights.uasset|INST_NEW|Up|1525256322|afe66cc0d7fd1aac88b65fd124ce5727|193250|101435284occ8b83b46bc|4||201|0|0||||
10:29:39||AnimStarterPack/Crouch_Walk_Bwd_Rifle_Hip.uasset|INST_NEW|Up|1525256322|02d2a649ef19fc5ea269c856899b3d51|129620|101435292occ8b83b46bc|4||201|0|0||||
10:29:39||AnimStarterPack/Crouch_Walk_Bwd_Rifle_Ironsights.uasset|INST_NEW|Up|1525256322|706c94423fbccb28329b7f12ef4bc59b|130344|101435300occ8b83b46bc|4||201|0|0||||
10:29:40||AnimStarterPack/Crouch_Walk_Fwd_Rifle_Hip.uasset|INST_NEW|Up|1525256322|dc8ca889a7f7cd5478faeda25e9ecf39|129639|101435312occ8b83b46bc|4||201|0|0||||
10:29:40||AnimStarterPack/Crouch_Walk_Fwd_Rifle_Ironsights.uasset|INST_NEW|Up|1525256322|a8344cc35319f2c6c8f19a54b14aab4c|129947|101435328occ8b83b46bc|4||201|0|0||||
10:29:31||AnimStarterPack/UE4_Mannequin/Mesh/SK_Mannequin.uasset|INST_NEW|Up|1525256325|6cabdeaf53b6e30f8eaf43c3253821a5|2567535|101435332occ8b83b46bc|4||201|0|0||||
10:29:41||AnimStarterPack/Crouch_Walk_Lt_Rifle_Hip.uasset|INST_NEW|Up|1525256323|a26fecf3c1d5a76430a2a02cef2ea62a|129463|101435336occ8b83b46bc|4||201|0|0||||
10:29:41||AnimStarterPack/Crouch_Walk_Rt_Rifle_Hip.uasset|INST_NEW|Up|1525256323|ca0cc397a0c127558409e10f84613be0|130097|101435344occ8b83b46bc|4||201|0|0||||
10:29:41||AnimStarterPack/Crouch_Walk_Lt_Rifle_Ironsights.uasset|INST_NEW|Up|1525256323|698dfa73da0cfa36361c3b807d57d2ee|129891|101435348occ8b83b46bc|4||201|0|0||||
10:29:42||AnimStarterPack/Crouch_Walk_Rt_Rifle_Ironsights.uasset|INST_NEW|Up|1525256323|83f6e3cbe813162f82114b7d97d9fdcd|129851|101435352occ8b83b46bc|4||201|0|0||||
10:29:42||AnimStarterPack/Crouch_to_Stand_Rifle_Hip.uasset|INST_NEW|Up|1525256322|221e708a2c3589ec656d759319fc75c8|108657|101435356occ8b83b46bc|4||201|0|0||||
10:29:42||AnimStarterPack/Crouch_to_Stand_Rifle_Ironsights.uasset|INST_NEW|Up|1525256322|1e00b6bff489acb6d497089d0d75de5a|108641|101435360occ8b83b46bc|4||201|0|0||||
10:29:43||AnimStarterPack/Death_1.uasset|INST_NEW|Up|1525256323|2a89071501308ba67d14cff1e8230d6b|143849|101435364occ8b83b46bc|4||201|0|0||||
10:29:43||AnimStarterPack/Death_2.uasset|INST_NEW|Up|1525256323|a2e660f65ee6ea195f95d6f8c8ffc2e3|141931|101435368occ8b83b46bc|4||201|0|0||||
10:29:44||AnimStarterPack/Death_Ironsights_1.uasset|INST_NEW|Up|1525256323|b50190b9eb72edad42ae9af92d689bba|152207|101435376occ8b83b46bc|4||201|0|0||||
10:29:43||AnimStarterPack/Death_3.uasset|INST_NEW|Up|1525256323|f7ba0e671a6ae1c3802bd25e71d73543|153991|101435380occ8b83b46bc|4||201|0|0||||
10:29:44||AnimStarterPack/Death_Ironsights_2.uasset|INST_NEW|Up|1525256323|20ef938af74a076d41905ec88dfdee73|141401|101435384occ8b83b46bc|4||201|0|0||||
10:29:45||AnimStarterPack/Equip_Rifle_Standing.uasset|INST_NEW|Up|1525256323|7d5859e437209a1ddb3979fd84dff6af|147983|101435388occ8b83b46bc|4||201|0|0||||
10:29:44||AnimStarterPack/Equip_Pistol_Standing.uasset|INST_NEW|Up|1525256323|7ff4bd385ab7ddadc44379fa7859f694|148590|101435392occ8b83b46bc|4||201|0|0||||
10:29:45||AnimStarterPack/Fire_Rifle_Hip.uasset|INST_NEW|Up|1525256323|6a169ea6bb746c939c9ca720b3cc46ee|101371|101435400occ8b83b46bc|4||201|0|0||||
10:29:46||AnimStarterPack/Fire_Shotgun_Ironsights.uasset|INST_NEW|Up|1525256323|f6101f609305e072e0737ac012ca1835|119045|101435408occ8b83b46bc|4||201|0|0||||
10:29:45||AnimStarterPack/Fire_Rifle_Ironsights.uasset|INST_NEW|Up|1525256323|4a7b8984b96f8729c729632b22a33948|101474|101435412occ8b83b46bc|4||201|0|0||||
10:29:45||AnimStarterPack/Fire_Shotgun_Hip.uasset|INST_NEW|Up|1525256323|9a90ac1467f23b8e7e695432df78f9c5|119644|101435420occ8b83b46bc|4||201|0|0||||
10:29:46||AnimStarterPack/Hit_React_1.uasset|INST_NEW|Up|1525256323|cde209f1763088862a252522cacbd1da|113208|101435424occ8b83b46bc|4||201|0|0||||
10:29:46||AnimStarterPack/Hit_React_3.uasset|INST_NEW|Up|1525256323|4c4b88fadcc67f51dc671dc7bb542d39|113226|101435432occ8b83b46bc|4||201|0|0||||
10:29:46||AnimStarterPack/Hit_React_2.uasset|INST_NEW|Up|1525256323|1f8e501a362dfd53d7b43d76b3f2ded8|113346|101435436occ8b83b46bc|4||201|0|0||||
10:29:47||AnimStarterPack/Hit_React_4.uasset|INST_NEW|Up|1525256323|ded303e58ff0ea6dee6b598df13ab779|112992|101435440occ8b83b46bc|4||201|0|0||||
10:29:48||AnimStarterPack/Idle_Rifle_Hip.uasset|INST_NEW|Up|1525256323|254838bc3703cc10b894f0557b9ca7d2|193900|101435444occ8b83b46bc|4||201|0|0||||
10:29:48||AnimStarterPack/Idle_Rifle_Hip_Break1.uasset|INST_NEW|Up|1525256323|db0062264aa5048f4a19ee4a53b8f1d6|178523|101435448occ8b83b46bc|4||201|0|0||||
10:29:47||AnimStarterPack/Idle_Pistol.uasset|INST_NEW|Up|1525256323|d033b30a980f03af7a29606124849ed6|194423|101435452occ8b83b46bc|4||201|0|0||||
10:29:48||AnimStarterPack/Idle_Rifle_Hip_Break2.uasset|INST_NEW|Up|1525256323|c37ebc302f440c484b1c48e297a0001b|190629|101435460occ8b83b46bc|4||201|0|0||||
10:29:49||AnimStarterPack/Jog_Bwd_Rifle.uasset|INST_NEW|Up|1525256323|535c47ae69ea642e038817ecf0c8cbaa|123129|101435464occ8b83b46bc|4||201|0|0||||
10:29:49||AnimStarterPack/Jog_Fwd_Rifle.uasset|INST_NEW|Up|1525256323|5bdd0e5ec929c5d8ea30115e54c8b589|122271|101435472occ8b83b46bc|4||201|0|0||||
10:29:49||AnimStarterPack/Idle_Rifle_Ironsights.uasset|INST_NEW|Up|1525256323|4a4a11a7c8aea1822b3c89a57b3e63a0|194274|101435476occ8b83b46bc|4||201|0|0||||
10:29:50||AnimStarterPack/Jog_Lt_Rifle.uasset|INST_NEW|Up|1525256323|04297288b98509d774335754b5edaa12|118721|101435480occ8b83b46bc|4||201|0|0||||
10:29:50||AnimStarterPack/Jump_From_Jog.uasset|INST_NEW|Up|1525256323|556c860f091a15efad46979688173348|110549|101435484occ8b83b46bc|4||201|0|0||||
10:29:50||AnimStarterPack/Jog_Rt_Rifle.uasset|INST_NEW|Up|1525256323|e59c07dffcfa80c75e38f106199f5048|123423|101435488occ8b83b46bc|4||201|0|0||||
10:29:51||AnimStarterPack/Jump_From_Stand.uasset|INST_NEW|Up|1525256323|a3ceab590ca1ee66820ef4e40b112faf|118792|101435492occ8b83b46bc|4||201|0|0||||
10:29:51||AnimStarterPack/Jump_From_Stand_Ironsights.uasset|INST_NEW|Up|1525256323|80af2df5cbac1de712e6a44954a726c7|118705|101435496occ8b83b46bc|4||201|0|0||||
10:29:51||AnimStarterPack/Prone_Death_1.uasset|INST_NEW|Up|1525256324|9dd400967787628e90e5fd4e77be60ac|112611|101435500occ8b83b46bc|4||201|0|0||||
10:29:52||AnimStarterPack/Prone_Fire_1.uasset|INST_NEW|Up|1525256324|db3b10ce391e609584a2222706f6d5fd|99638|101435504occ8b83b46bc|4||201|0|0||||
10:29:52||AnimStarterPack/Prone_Idle.uasset|INST_NEW|Up|1525256324|f88e3f57c468a96d7b4522b25b9a144d|231902|101435516occ8b83b46bc|4||201|0|0||||
10:29:52||AnimStarterPack/Prone_Death_2.uasset|INST_NEW|Up|1525256324|32cb2bf30daf00044e037cfff78b8919|154627|101435520occ8b83b46bc|4||201|0|0||||
10:29:53||AnimStarterPack/Prone_Reload_Rifle.uasset|INST_NEW|Up|1525256324|7a0dc1a917a55e77367ad55a9122b2bd|178290|101435524occ8b83b46bc|4||201|0|0||||
10:29:52||AnimStarterPack/Prone_Fire_2.uasset|INST_NEW|Up|1525256324|6eaa12df3b961b7b887cc2918e357c0a|99465|101435528occ8b83b46bc|4||201|0|0||||
10:29:53||AnimStarterPack/Prone_To_Stand.uasset|INST_NEW|Up|1525256324|21ebbdd28fa468b8f019560cfce5919f|132026|101435532occ8b83b46bc|4||201|0|0||||
10:29:53||AnimStarterPack/Prone_Reload_Shotgun.uasset|INST_NEW|Up|1525256324|b9c8db0919cd16644adedfbbd247c794|202160|101435536occ8b83b46bc|4||201|0|0||||
10:29:54||AnimStarterPack/Reload_Pistol.uasset|INST_NEW|Up|1525256324|93798ce4c517c71965a595c86b7e9dec|139446|101435540occ8b83b46bc|4||201|0|0||||
10:29:54||AnimStarterPack/Reload_Rifle_Ironsights.uasset|INST_NEW|Up|1525256324|40862a2d3cf17705dd02d79205d1ec6d|152411|101435544occ8b83b46bc|4||201|0|0||||
10:29:54||AnimStarterPack/Reload_Rifle_Hip.uasset|INST_NEW|Up|1525256324|c3bfc99dbb7a1b88762b7e5e0af90214|152502|101435548occ8b83b46bc|4||201|0|0||||
10:29:55||AnimStarterPack/Reload_Shotgun_Hip.uasset|INST_NEW|Up|1525256324|8cae61f95b03afe99e731afdfe8af941|203519|101435552occ8b83b46bc|4||201|0|0||||
10:29:55||AnimStarterPack/Showcase.umap|INST_NEW|Up|1525256324|1d16f616ef664c30c18240bfb658e9ab|273248|101435560occ8b83b46bc|4||201|0|0||||
10:29:55||AnimStarterPack/Reload_Shotgun_Ironsights.uasset|INST_NEW|Up|1525256324|d48f376071f2a023e1822baffab2c586|203405|101435564occ8b83b46bc|4||201|0|0||||
10:29:56||AnimStarterPack/Sprint_Fwd_Rifle.uasset|INST_NEW|Up|1525256324|556c06dc4bd9e578e18d6bbb37113a1e|122886|101435568occ8b83b46bc|4||201|0|0||||
10:29:57||AnimStarterPack/Stand_to_Crouch_Rifle_Hip.uasset|INST_NEW|Up|1525256324|e7fb8ff7a266c840439f04a8d7b87a44|110492|101435572occ8b83b46bc|4||201|0|0||||
10:29:56||AnimStarterPack/Stand_To_Prone.uasset|INST_NEW|Up|1525256324|14d247485a930ea9aa7f7ba4b801f587|135973|101435576occ8b83b46bc|4||201|0|0||||
10:29:57||AnimStarterPack/Stand_to_Crouch_Rifle_Ironsights.uasset|INST_NEW|Up|1525256324|4ef84cd81248313fc75d8bc042d03f35|111229|101435580occ8b83b46bc|4||201|0|0||||
10:29:57||AnimStarterPack/Walk_Bwd_Rifle_Ironsights.uasset|INST_NEW|Up|1525256324|214dad2ab64e885a9370149a27543de3|129698|101435584occ8b83b46bc|4||201|0|0||||
10:29:57||AnimStarterPack/Walk_Fwd_Rifle_Ironsights.uasset|INST_NEW|Up|1525256324|fd7f1c301b12b85dbfea14ce8689215f|128085|101435588occ8b83b46bc|4||201|0|0||||
10:29:36||AnimStarterPack/UE4_Mannequin/Textures/UE4_Mannequin__normals.uasset|INST_NEW|Up|1525256325|8934b31b57a4adf6162e400070436529|5481767|101435596occ8b83b46bc|4||201|0|0||||
10:29:58||AnimStarterPack/Walk_Rt_Rifle_Ironsights.uasset|INST_NEW|Up|1525256325|f33973f932b4485c0e79f9dfc72eb18e|129396|101435600occ8b83b46bc|4||201|0|0||||
10:29:58||AnimStarterPack/Walk_Lt_Rifle_Ironsights.uasset|INST_NEW|Up|1525256325|4c0634e3be7d205486e4c26650b4edca|129406|101435604occ8b83b46bc|4||201|0|0||||
10:29:58||StarterContent/Audio|INST_NEW|Up|1525256338||4096|101435608occ8b83b46bc|4||201|0|0||||
10:29:58||StarterContent/Architecture|INST_NEW|Up|1525256338||4096|101435612occ8b83b46bc|4||201|0|0||||
10:29:58||StarterContent/HDRI|INST_NEW|Up|1525256341||0|101435616occ8b83b46bc|4||201|0|0||||
10:29:58||StarterContent/Blueprints|INST_NEW|Up|1525256338||4096|101435620occ8b83b46bc|4||201|0|0||||
10:29:58||StarterContent/Maps|INST_NEW|Up|1525256412||4096|101435624occ8b83b46bc|4||201|0|0||||
10:29:59||StarterContent/Architecture/Floor_400x400.uasset|INST_NEW|Up|1525256336|55242cdde67ac45734e53d96721ff62a|96422|101435628occ8b83b46bc|4||201|0|0||||
10:29:59||StarterContent/Architecture/Pillar_50x500.uasset|INST_NEW|Up|1525256337|0787f2c887034fdf5a19494791fa67c6|106610|101435632occ8b83b46bc|4||201|0|0||||
10:29:59||StarterContent/Materials|INST_NEW|Up|1525256344||8192|101435636occ8b83b46bc|4||201|0|0||||
10:29:59||StarterContent/Audio/Collapse01.uasset|INST_NEW|Up|1525256338|3a0986d397f3a05fab4823dc502c3d8c|351736|101435640occ8b83b46bc|4||201|0|0||||
10:30:00||StarterContent/Architecture/Wall_500x500.uasset|INST_NEW|Up|1525256338|faf3ee00b3d3006606328c97b6274305|109618|101435644occ8b83b46bc|4||201|0|0||||
10:30:00||StarterContent/Architecture/Wall_Door_400x300.uasset|INST_NEW|Up|1525256338|fc03a772743d87c6e761931540e91fbf|101832|101435648occ8b83b46bc|4||201|0|0||||
10:29:59||StarterContent/Architecture/SM_AssetPlatform.uasset|INST_NEW|Up|1525256337|ec0fc392018cf841ff96911fe6031c95|486002|101435652occ8b83b46bc|4||201|0|0||||
10:30:00||StarterContent/Architecture/Wall_400x400.uasset|INST_NEW|Up|1525256338|5345f7c35975e949db543fa57aa900fb|93969|101435656occ8b83b46bc|4||201|0|0||||
10:30:01||StarterContent/Architecture/Wall_Door_400x400.uasset|INST_NEW|Up|1525256338|8e89cb4d33b7c4d6a6e6412ebd5a9385|102699|101435660occ8b83b46bc|4||201|0|0||||
10:30:00||StarterContent/Architecture/Wall_400x200.uasset|INST_NEW|Up|1525256337|d3d7c2e57d64520322958429341dd8e0|92688|101435664occ8b83b46bc|4||201|0|0||||
10:30:01||StarterContent/Audio/Collapse02.uasset|INST_NEW|Up|1525256338|ddd64dc9379afd559ab500769e61de4b|349809|101435680occ8b83b46bc|4||201|0|0||||
10:30:01||StarterContent/Architecture/Wall_Window_400x400.uasset|INST_NEW|Up|1525256338|60abf68b2895007c2844d93779c17ef6|104712|101435684occ8b83b46bc|4||201|0|0||||
10:30:00||StarterContent/Architecture/Wall_400x300.uasset|INST_NEW|Up|1525256338|279fcb0dd5098d6c4e6554f62ddc5303|92758|101435688occ8b83b46bc|4||201|0|0||||
10:30:02||StarterContent/Audio/Collapse_Cue.uasset|INST_NEW|Up|1525256338|0d8ba05ada3f601059f0607d754f639e|6487|101435692occ8b83b46bc|4||201|0|0||||
10:30:02||StarterContent/Audio/Explosion02.uasset|INST_NEW|Up|1525256338|ee55d262467ac396eb4f49f16c7b5b03|292098|101435700occ8b83b46bc|4||201|0|0||||
10:30:01||StarterContent/Architecture/Wall_Window_400x300.uasset|INST_NEW|Up|1525256338|03029f7503cdee1e39fc373dcecec7ba|104019|101435704occ8b83b46bc|4||201|0|0||||
10:30:02||StarterContent/Audio/Explosion_Cue.uasset|INST_NEW|Up|1525256338|ee9f66615ecab19ac3edb92e91773a81|7951|101435712occ8b83b46bc|4||201|0|0||||
10:30:02||StarterContent/Audio/Fire01_Cue.uasset|INST_NEW|Up|1525256338|ca8e97d4b874475acdc5661d6e3e15dc|4584|101435720occ8b83b46bc|4||201|0|0||||
10:30:02||StarterContent/Audio/Explosion01.uasset|INST_NEW|Up|1525256338|87123d2fc1726e4dbd151f5bbba407c1|285464|101435728occ8b83b46bc|4||201|0|0||||
10:30:03||StarterContent/Audio/Fire_Sparks01_Cue.uasset|INST_NEW|Up|1525256338|048d7011efdb75fad37d7147620a95f0|4611|101435740occ8b83b46bc|4||201|0|0||||
10:30:02||StarterContent/Audio/Fire01.uasset|INST_NEW|Up|1525256338|736e986723a36f2161bb4db4501c7472|552944|101435752occ8b83b46bc|4||201|0|0||||
10:30:04||StarterContent/Audio/Light01_Cue.uasset|INST_NEW|Up|1525256338|4597c4b6e5395d03254655aa96fb1d34|4539|101435760occ8b83b46bc|4||201|0|0||||
10:30:03||StarterContent/Audio/Light01.uasset|INST_NEW|Up|1525256338|a25cccead3fa4fa714103eff5cb4dda9|367196|101435764occ8b83b46bc|4||201|0|0||||
10:30:05||StarterContent/Audio/Light02_Cue.uasset|INST_NEW|Up|1525256338|59fd6a0139b2296140052eb8f4270e6c|4539|101435780occ8b83b46bc|4||201|0|0||||
10:30:04||StarterContent/Audio/Light02.uasset|INST_NEW|Up|1525256338|fece4f1c9cb7520e0eadc786d841c275|310817|101435788occ8b83b46bc|4||201|0|0||||
10:30:03||StarterContent/Audio/Fire_Sparks01.uasset|INST_NEW|Up|1525256338|a4ca09f3f24c6356475e3d1ced042e6c|799155|101435792occ8b83b46bc|4||201|0|0||||
10:30:06||StarterContent/Audio/Smoke01_Cue.uasset|INST_NEW|Up|1525256338|4baf67e2c33eb0227e0b5a76b6433011|4563|101435796occ8b83b46bc|4||201|0|0||||
10:30:06||StarterContent/Audio/Starter_Background_Cue.uasset|INST_NEW|Up|1525256337|483ec107e55cf72999311d177af707cf|9870|101435800occ8b83b46bc|4||201|0|0||||
10:30:05||StarterContent/Audio/Smoke01.uasset|INST_NEW|Up|1525256338|02a4def19fd788dcc284138a9ff4af73|479102|101435804occ8b83b46bc|4||201|0|0||||
10:30:06||StarterContent/Audio/Starter_Music_Cue.uasset|INST_NEW|Up|1525256338|f0de40420616d3367bb55584b521ddf6|3962|101435812occ8b83b46bc|4||201|0|0||||
10:30:06||StarterContent/Audio/Starter_Wind05.uasset|INST_NEW|Up|1525256337|008e8f591f36b148a1c84905631f84f2|2315165|101435840occ8b83b46bc|4||201|0|0||||
10:30:14||StarterContent/Audio/Starter_Wind06.uasset|INST_NEW|Up|1525256337|fd2bcc25abeca8ef4396a695d6246693|2198039|101435860occ8b83b46bc|4||201|0|0||||
10:30:07||StarterContent/Audio/Starter_Birds01.uasset|INST_NEW|Up|1525256337|a8c60e5304173037057214f87d772315|2692081|101435864occ8b83b46bc|4||201|0|0||||
10:30:23||StarterContent/Blueprints/Assets|INST_NEW|Up|1525256339||4096|101435868occ8b83b46bc|4||201|0|0||||
10:30:23||StarterContent/Audio/Steam01_Cue.uasset|INST_NEW|Up|1525256338|98f04cafc2f39e3eae6feb662b3d9dec|4592|101435876occ8b83b46bc|4||201|0|0||||
10:30:23||StarterContent/Blueprints/Assets/FogBrightnessLUT.uasset|INST_NEW|Up|1525256338|1e516f22b202559cc2bf188fdfdc3920|1710|101435880occ8b83b46bc|4||201|0|0||||
10:30:22||StarterContent/Audio/Steam01.uasset|INST_NEW|Up|1525256338|0bd13e7aecca21dd9fb9ac3d12a97a92|821407|101435884occ8b83b46bc|4||201|0|0||||
10:30:23||StarterContent/Blueprints/Assets/M_LightStage_Arrows.uasset|INST_NEW|Up|1525256339|5bf7960708919ae35c9c4abb08fa369d|75241|101435888occ8b83b46bc|4||201|0|0||||
10:30:24||StarterContent/Blueprints/Assets/M_LightStage_Skybox_Black.uasset|INST_NEW|Up|1525256339|4abc57796be95315a50e6a0086d106d6|82998|101435892occ8b83b46bc|4||201|0|0||||
10:30:24||StarterContent/Blueprints/Assets/M_LightStage_Skybox_HDRI.uasset|INST_NEW|Up|1525256339|3eeef1d7ed1908a39d7ad975dbff1317|128039|101435896occ8b83b46bc|4||201|0|0||||
10:30:24||StarterContent/Blueprints/Assets/Skybox.uasset|INST_NEW|Up|1525256339|05ef0db91793faf9e9145f9b5fcd7e4f|803053|101435904occ8b83b46bc|4||201|0|0||||
10:30:24||StarterContent/Blueprints/Assets/M_LightStage_Skybox_Master.uasset|INST_NEW|Up|1525256339|65217656fcb1772aecc1849aff68355a|93541|101435908occ8b83b46bc|4||201|0|0||||
10:30:27||StarterContent/Blueprints/Assets/SunlightColorLUT.uasset|INST_NEW|Up|1525256339|d5b31910b1b59c78f3263d29f2c0b62b|2339|101435912occ8b83b46bc|4||201|0|0||||
10:30:24||StarterContent/Blueprints/Assets/SM_Arrows.uasset|INST_NEW|Up|1525256339|7fbf0a3f9b403c20ec52e70f812a3c7f|547725|101435916occ8b83b46bc|4||201|0|0||||
10:30:27||StarterContent/Blueprints/BP_LightStudio.uasset|INST_NEW|Up|1525256338|ce1e0bfe97717cce10df6308089faf5f|544743|101435920occ8b83b46bc|4||201|0|0||||
10:30:28||StarterContent/Blueprints/Blueprint_CeilingLight.uasset|INST_NEW|Up|1525256338|a06113a033dc7255801f2bb0eba39199|121829|101435924occ8b83b46bc|4||201|0|0||||
10:30:28||StarterContent/Blueprints/Blueprint_Effect_Explosion.uasset|INST_NEW|Up|1525256338|36481183e3eea201724e9990de95e769|14743|101435932occ8b83b46bc|4||201|0|0||||
10:30:28||StarterContent/Blueprints/Blueprint_Effect_Fire.uasset|INST_NEW|Up|1525256338|143d225181498be74ad3fcf2d295320f|14759|101435928occ8b83b46bc|4||201|0|0||||
10:30:29||StarterContent/Blueprints/Blueprint_Effect_Smoke.uasset|INST_NEW|Up|1525256338|c3ad0d27879b1d2015bc38c76d9ba6df|14776|101435936occ8b83b46bc|4||201|0|0||||
10:30:29||StarterContent/Blueprints/Blueprint_Effect_Sparks.uasset|INST_NEW|Up|1525256338|e3e47ab728616d63ce899af15ab78d43|14794|101435944occ8b83b46bc|4||201|0|0||||
10:30:29||StarterContent/Blueprints/Blueprint_Effect_Steam.uasset|INST_NEW|Up|1525256338|df2004bc0a9732429f4b51a51a06f275|14792|101435948occ8b83b46bc|4||201|0|0||||
10:30:29||StarterContent/Blueprints/Blueprint_WallSconce.uasset|INST_NEW|Up|1525256338|0a6566aef52ece690d9fd40748d56a78|116909|101435952occ8b83b46bc|4||201|0|0||||
10:30:30||StarterContent/Maps/Advanced_Lighting.umap|INST_NEW|Up|1525256341|12a30a39a7962e70cb8a6a5d097ca536|43225|101435964occ8b83b46bc|4||201|0|0||||
10:30:30||StarterContent/Maps/Advanced_Lighting_BuiltData.uasset|INST_NEW|Up|1525256341|6d902831fceb6a46ca2728f3d542a4ae|1148482|101435972occ8b83b46bc|4||201|0|0||||
10:30:33||StarterContent/Maps/Minimal_Default.umap|INST_NEW|Up|1525256412|34da1fa1ebe4c95fcd6d0780ca524fb8|3486695|101436028occ8b83b46bc|4||201|0|0||||
10:30:41||StarterContent/Maps/StarterMap.umap|INST_NEW|Up|1525256341|a37dc1ac29bfcf8b8f0f23c4e62f58ff|969132|101436064occ8b83b46bc|4||201|0|0||||
10:30:07||StarterContent/Audio/Starter_Music01.uasset|INST_NEW|Up|1525256338|fd04ca80748175f027a8db78095d6303|8448670|101436084occ8b83b46bc|4||201|0|0||||
10:30:45||StarterContent/Materials/M_AssetPlatform.uasset|INST_NEW|Up|1525256342|829686d928bd7aaf86d605e82b16e3ed|91216|101436100occ8b83b46bc|4||201|0|0||||
10:30:45||StarterContent/Materials/M_Basic_Floor.uasset|INST_NEW|Up|1525256336|8d993802dcc9e75443b55d30b181f509|97042|101436112occ8b83b46bc|4||201|0|0||||
10:30:45||StarterContent/Materials/M_Basic_Wall.uasset|INST_NEW|Up|1525256342|8a6877d51e38db8473fad6ebd1f8cd93|92349|101436116occ8b83b46bc|4||201|0|0||||
10:30:46||StarterContent/Materials/M_Brick_Clay_Beveled.uasset|INST_NEW|Up|1525256342|5db37f13947bcb7935ef45e79c41f1fb|129193|101436120occ8b83b46bc|4||201|0|0||||
10:30:47||StarterContent/Materials/M_Brick_Clay_New.uasset|INST_NEW|Up|1525256342|cb61a270cc4c89f37bb281e18c0fa3d4|149424|101436128occ8b83b46bc|4||201|0|0||||
10:30:49||StarterContent/Materials/M_Brick_Clay_Old.uasset|INST_NEW|Up|1525256342|c0f7f20741e0eef398bd6b5b2a28d38d|150004|101436132occ8b83b46bc|4||201|0|0||||
10:30:49||StarterContent/Materials/M_Brick_Cut_Stone.uasset|INST_NEW|Up|1525256342|5337c0b12a0d6a62d4696fdef42c2745|149648|101436136occ8b83b46bc|4||201|0|0||||
10:30:50||StarterContent/Materials/M_Brick_Hewn_Stone.uasset|INST_NEW|Up|1525256342|0a869002c8df04b5136676030c932a8f|120887|101436144occ8b83b46bc|4||201|0|0||||
10:30:51||StarterContent/Materials/M_Ceramic_Tile_Checker.uasset|INST_NEW|Up|1525256342|cbc1b9450e4871885aac71a05fb7009f|125005|101436160occ8b83b46bc|4||201|0|0||||
10:30:52||StarterContent/Materials/M_CobbleStone_Pebble.uasset|INST_NEW|Up|1525256342|c8f2b8f4fef4c182f1920157a1da5ce7|145635|101436172occ8b83b46bc|4||201|0|0||||
10:30:52||StarterContent/Materials/M_CobbleStone_Rough.uasset|INST_NEW|Up|1525256342|6fcdf83b8ca1bc82333e8adf2e1f62f1|219536|101436188occ8b83b46bc|4||201|0|0||||
10:30:53||StarterContent/Materials/M_CobbleStone_Smooth.uasset|INST_NEW|Up|1525256342|0eac8e59e28e2cdb588f638e81f1dda7|236324|101436200occ8b83b46bc|4||201|0|0||||
10:30:54||StarterContent/Materials/M_ColorGrid_LowSpec.uasset|INST_NEW|Up|1525256342|30d2e04b3c1a28ee5040644992e2690e|113391|101436216occ8b83b46bc|4||201|0|0||||
10:30:54||StarterContent/Materials/M_Concrete_Grime.uasset|INST_NEW|Up|1525256342|cc48213f29cff2f5540b4668c3ef42a7|127305|101436224occ8b83b46bc|4||201|0|0||||
10:30:55||StarterContent/Materials/M_Concrete_Panels.uasset|INST_NEW|Up|1525256343|a8be53941dbc938a4c46048b75d59e4f|138289|101436236occ8b83b46bc|4||201|0|0||||
10:30:56||StarterContent/Materials/M_Concrete_Poured.uasset|INST_NEW|Up|1525256343|c4859d34dbd8f78b81cb2862c8c66ee0|137999|101436248occ8b83b46bc|4||201|0|0||||
10:30:56||StarterContent/Materials/M_Concrete_Tiles.uasset|INST_NEW|Up|1525256343|9302dced51c2acbe0009891df3d58cf9|132412|101436256occ8b83b46bc|4||201|0|0||||
10:30:57||StarterContent/Materials/M_Glass.uasset|INST_NEW|Up|1525256343|bbc6330262a9e367432c4200f1128be3|105053|101436260occ8b83b46bc|4||201|0|0||||
10:30:57||StarterContent/Materials/M_Ground_Grass.uasset|INST_NEW|Up|1525256343|ae3b91da1bc02a382eb5f5f61d7a9945|133166|101436272occ8b83b46bc|4||201|0|0||||
10:30:58||StarterContent/Materials/M_Ground_Gravel.uasset|INST_NEW|Up|1525256343|02a7032227147bb17b64f116ad0b64ad|150822|101436280occ8b83b46bc|4||201|0|0||||
10:30:58||StarterContent/Materials/M_Ground_Moss.uasset|INST_NEW|Up|1525256343|bab4a8b7518523f5c9b25f5792ea69b2|157588|101436288occ8b83b46bc|4||201|0|0||||
10:30:58||StarterContent/Materials/M_Metal_Brushed_Nickel.uasset|INST_NEW|Up|1525256336|69597aab48c472020534f87fc09b4418|108223|101436292occ8b83b46bc|4||201|0|0||||
10:30:59||StarterContent/Materials/M_Metal_Burnished_Steel.uasset|INST_NEW|Up|1525256336|17fd79e63a49049ff08f504c8ca3a7cb|112102|101436300occ8b83b46bc|4||201|0|0||||
10:30:59||StarterContent/Materials/M_Metal_Chrome.uasset|INST_NEW|Up|1525256343|d287ce2eedb6e38da7f0f76ccd259dd8|106711|101436308occ8b83b46bc|4||201|0|0||||
10:30:59||StarterContent/Materials/M_Metal_Copper.uasset|INST_NEW|Up|1525256336|4b24b6e2faf7011a1be9564754373125|124640|101436312occ8b83b46bc|4||201|0|0||||
10:31:00||StarterContent/Materials/M_Metal_Gold.uasset|INST_NEW|Up|1525256343|ee8b5c2b21132ac3dbff2a4558377e2e|134525|101436316occ8b83b46bc|4||201|0|0||||
10:31:00||StarterContent/Materials/M_Metal_Rust.uasset|INST_NEW|Up|1525256343|cc0df5d4bb0a74538c98c676da9890ac|134754|101436324occ8b83b46bc|4||201|0|0||||
10:31:01||StarterContent/Materials/M_Metal_Steel.uasset|INST_NEW|Up|1525256343|952d8966dfaec5104ab78d1956c84381|118070|101436332occ8b83b46bc|4||201|0|0||||
10:31:01||StarterContent/Materials/M_Rock_Basalt.uasset|INST_NEW|Up|1525256343|21bd0056c7863bc352c60e4c68a523bc|147189|101436340occ8b83b46bc|4||201|0|0||||
10:31:02||StarterContent/Materials/M_Rock_Marble_Polished.uasset|INST_NEW|Up|1525256343|866a49f35f7847aedb6e0e09871fcb88|127059|101436344occ8b83b46bc|4||201|0|0||||
10:31:02||StarterContent/Materials/M_Rock_Sandstone.uasset|INST_NEW|Up|1525256343|cf8eb7927953b6610b7fb3ae4b1096ad|147301|101436348occ8b83b46bc|4||201|0|0||||
10:31:02||StarterContent/Materials/M_Rock_Slate.uasset|INST_NEW|Up|1525256343|ad429b5346de3fcfa69486d5bdf3b178|140954|101436356occ8b83b46bc|4||201|0|0||||
10:31:03||StarterContent/Materials/M_Tech_Checker_Dot.uasset|INST_NEW|Up|1525256343|d91256dab6f0646d9e545438cf88c348|123755|101436364occ8b83b46bc|4||201|0|0||||
10:31:03||StarterContent/Materials/M_Tech_Hex_Tile.uasset|INST_NEW|Up|1525256343|19b7a3527a656266aacd9b89933ac9d9|134623|101436368occ8b83b46bc|4||201|0|0||||
10:31:04||StarterContent/Materials/M_Tech_Hex_Tile_Pulse.uasset|INST_NEW|Up|1525256343|0ad2435c148380c654ea244ff66fe2b6|147819|101436376occ8b83b46bc|4||201|0|0||||
10:31:04||StarterContent/Materials/M_Tech_Panel.uasset|INST_NEW|Up|1525256344|7b93a58771025ea09a3fec6e7a821785|127216|101436388occ8b83b46bc|4||201|0|0||||
10:31:05||StarterContent/Materials/M_Water_Lake.uasset|INST_NEW|Up|1525256344|05974951583891318a8c1726d3f53df8|126139|101436396occ8b83b46bc|4||201|0|0||||
10:31:05||StarterContent/Materials/M_Water_Ocean.uasset|INST_NEW|Up|1525256344|cc0b91d19462962a780fbb1c90ecb875|133753|101436404occ8b83b46bc|4||201|0|0||||
10:31:06||StarterContent/Materials/M_Wood_Floor_Walnut_Polished.uasset|INST_NEW|Up|1525256344|49a561a3d12b21b131f19233088902c0|120706|101436412occ8b83b46bc|4||201|0|0||||
10:31:06||StarterContent/Materials/M_Wood_Floor_Walnut_Worn.uasset|INST_NEW|Up|1525256344|21d953d27284a46e7c0c5503a0a8e48b|130598|101436416occ8b83b46bc|4||201|0|0||||
10:31:06||StarterContent/Materials/M_Wood_Oak.uasset|INST_NEW|Up|1525256344|8b2bea698b7093d0adefddf2ec4d85df|141785|101436420occ8b83b46bc|4||201|0|0||||
10:31:07||StarterContent/Materials/M_Wood_Pine.uasset|INST_NEW|Up|1525256344|008f604b682ce54ceb8daad9509833f6|133404|101436424occ8b83b46bc|4||201|0|0||||
10:31:07||StarterContent/Materials/M_Wood_Walnut.uasset|INST_NEW|Up|1525256344|f23fe5279187d27c4fb690a490ffcd8a|119928|101436432occ8b83b46bc|4||201|0|0||||
10:31:08||StarterContent/Particles|INST_NEW|Up|1525256344||4096|101436436occ8b83b46bc|4||201|0|0||||
10:31:08||StarterContent/Props|INST_NEW|Up|1525256345||4096|101436440occ8b83b46bc|4||201|0|0||||
10:31:09||StarterContent/Particles/Materials|INST_NEW|Up|1525256345||4096|101436444occ8b83b46bc|4||201|0|0||||
10:31:09||StarterContent/Particles/P_Ambient_Dust.uasset|INST_NEW|Up|1525256344|7f10e5229380101f21c306609613ddda|59377|101436448occ8b83b46bc|4||201|0|0||||
10:31:09||StarterContent/Particles/Materials/M_Burst.uasset|INST_NEW|Up|1525256344|f8e4d1b0f769c03de2ec45282d6c9c31|82210|101436452occ8b83b46bc|4||201|0|0||||
10:31:10||StarterContent/Particles/Materials/M_Dust_Particle.uasset|INST_NEW|Up|1525256344|f7d857c62c7382de53af9849c4cb559e|72303|101436456occ8b83b46bc|4||201|0|0||||
10:31:10||StarterContent/Particles/Materials/M_Fire_SubUV.uasset|INST_NEW|Up|1525256344|9ec1b9afab384c1d382d77cfcea5710c|93058|101436460occ8b83b46bc|4||201|0|0||||
10:31:11||StarterContent/Particles/Materials/M_Heat_Distortion.uasset|INST_NEW|Up|1525256344|684cd5d5eec2e93432c903b20f521b38|76944|101436464occ8b83b46bc|4||201|0|0||||
10:31:11||StarterContent/Particles/Materials/M_Radial_Gradient.uasset|INST_NEW|Up|1525256344|3352f1bd65372e6e3dcc05294f74e646|73757|101436468occ8b83b46bc|4||201|0|0||||
10:31:12||StarterContent/Particles/Materials/M_Spark.uasset|INST_NEW|Up|1525256345|95fd6d9273de917ab59f143e9ed6d4fb|76317|101436476occ8b83b46bc|4||201|0|0||||
10:31:12||StarterContent/Particles/Materials/M_explosion_subUV.uasset|INST_NEW|Up|1525256344|63374ccf50fc1fa5d67e3f39632f92ab|82505|101436488occ8b83b46bc|4||201|0|0||||
10:31:13||StarterContent/Particles/Materials/M_radial_ramp.uasset|INST_NEW|Up|1525256344|222333b5e9fae24ecf3e53be410ea61b|73770|101436492occ8b83b46bc|4||201|0|0||||
10:31:13||StarterContent/Particles/Materials/M_smoke_subUV.uasset|INST_NEW|Up|1525256345|e15506529739a9c3cce1aacb611aa3d7|91175|101436500occ8b83b46bc|4||201|0|0||||
10:31:13||StarterContent/Particles/Materials/m_flare_01.uasset|INST_NEW|Up|1525256344|faf067fe80cf7965b086ef3955e4c013|76892|101436504occ8b83b46bc|4||201|0|0||||
10:31:14||StarterContent/Particles/P_Explosion.uasset|INST_NEW|Up|1525256344|380c372397db0e7d917d5487157e0e87|313279|101436512occ8b83b46bc|4||201|0|0||||
10:31:15||StarterContent/Particles/P_Fire.uasset|INST_NEW|Up|1525256344|f23622e84c474d9c0c4cacda053ce750|291251|101436524occ8b83b46bc|4||201|0|0||||
10:31:15||StarterContent/Particles/P_Smoke.uasset|INST_NEW|Up|1525256344|878d3c20171ece1d19efafe552d20d45|71636|101436536occ8b83b46bc|4||201|0|0||||
10:31:16||StarterContent/Particles/P_Sparks.uasset|INST_NEW|Up|1525256344|3f28eeaad08c7c1736f92fd0ef63f862|190708|101436540occ8b83b46bc|4||201|0|0||||
10:31:17||StarterContent/Particles/P_Steam_Lit.uasset|INST_NEW|Up|1525256344|d1c8d3f6220c7743a8e0b324af86a867|129870|101436544occ8b83b46bc|4||201|0|0||||
10:31:17||StarterContent/Props/Materials|INST_NEW|Up|1525256346||4096|101436548occ8b83b46bc|4||201|0|0||||
10:31:18||StarterContent/Props/MaterialSphere.uasset|INST_NEW|Up|1525256345|febbffdca5a007eb1aa805618c3d154b|218361|101436572occ8b83b46bc|4||201|0|0||||
10:31:19||StarterContent/Props/Materials/M_Bush.uasset|INST_NEW|Up|1525256345|f854eae2fc0b7a809e2c380ea4035a30|138253|101436596occ8b83b46bc|4||201|0|0||||
10:31:20||StarterContent/Props/Materials/M_Chair.uasset|INST_NEW|Up|1525256337|fdf4da6f87b0c27b6bdc7126df58e8ef|121145|101436608occ8b83b46bc|4||201|0|0||||
10:31:21||StarterContent/Props/Materials/M_Door.uasset|INST_NEW|Up|1525256345|903836375fabb9f4fced7b5db424e307|127582|101436624occ8b83b46bc|4||201|0|0||||
10:31:22||StarterContent/Props/Materials/M_Frame.uasset|INST_NEW|Up|1525256345|fc3789ace3282b51ec3d6a08f2ce5dee|108735|101436628occ8b83b46bc|4||201|0|0||||
10:31:23||StarterContent/Props/Materials/M_Lamp.uasset|INST_NEW|Up|1525256345|41b74a337966e1357e8bc424a9ef49ea|134594|101436632occ8b83b46bc|4||201|0|0||||
10:31:24||StarterContent/Props/Materials/M_MaterialSphere.uasset|INST_NEW|Up|1525256346|06760aed8da508525f377e84ef0f3cf7|98740|101436636occ8b83b46bc|4||201|0|0||||
10:31:23||StarterContent/Props/Materials/M_MaterialSphere_Plain.uasset|INST_NEW|Up|1525256346|1c3726c119693b1453b0029b4c7f61cc|90094|101436640occ8b83b46bc|4||201|0|0||||
10:31:24||StarterContent/Props/Materials/M_Rock.uasset|INST_NEW|Up|1525256346|0c2e9f7ca27ec99b7b7064bbe6ee68b0|134076|101436648occ8b83b46bc|4||201|0|0||||
10:31:25||StarterContent/Props/Materials/M_Shelf.uasset|INST_NEW|Up|1525256346|e38687bcc3c59c32c0823a18d547631e|119558|101436652occ8b83b46bc|4||201|0|0||||
10:31:25||StarterContent/Props/Materials/M_Statue.uasset|INST_NEW|Up|1525256337|af6316a226e6ff0eb491f89180ba78f3|102681|101436656occ8b83b46bc|4||201|0|0||||
10:31:26||StarterContent/Props/Materials/M_StatueGlass.uasset|INST_NEW|Up|1525256337|dd2d2a144443b4c48e64af05e8dc55bf|106406|101436660occ8b83b46bc|4||201|0|0||||
10:31:26||StarterContent/Props/Materials/M_TableRound.uasset|INST_NEW|Up|1525256337|a763a46cc00ee1e607380bc8bf59bd92|126696|101436664occ8b83b46bc|4||201|0|0||||
10:31:27||StarterContent/Props/SM_Bush.uasset|INST_NEW|Up|1525256345|3066c3331f4823a04d92cee0505bee82|217039|101436668occ8b83b46bc|4||201|0|0||||
10:31:27||StarterContent/Props/SM_Chair.uasset|INST_NEW|Up|1525256337|f47c9074cb1129ba015e878c95fdf012|259770|101436676occ8b83b46bc|4||201|0|0||||
10:31:28||StarterContent/Props/SM_CornerFrame.uasset|INST_NEW|Up|1525256345|518f140ba9d5f2db2169b0adb014cc90|137833|101436680occ8b83b46bc|4||201|0|0||||
10:31:28||StarterContent/Props/SM_Couch.uasset|INST_NEW|Up|1525256345|ed2f02b762a5b6193cebd0f1496f377c|299200|101436684occ8b83b46bc|4||201|0|0||||
10:31:29||StarterContent/Props/SM_Door.uasset|INST_NEW|Up|1525256345|ca702548926a2cc5040f64c71b4fb6da|262300|101436688occ8b83b46bc|4||201|0|0||||
10:31:30||StarterContent/Props/SM_DoorFrame.uasset|INST_NEW|Up|1525256345|e9b3977bd8f5272b9389795f348a4ff3|110860|101436692occ8b83b46bc|4||201|0|0||||
10:31:30||StarterContent/Props/SM_GlassWindow.uasset|INST_NEW|Up|1525256345|ebb17a948f86f36eb3e1a5bbfd8b589c|145100|101436700occ8b83b46bc|4||201|0|0||||
10:31:31||StarterContent/Props/SM_Lamp_Ceiling.uasset|INST_NEW|Up|1525256345|973a13f787c2660c14671adcdc330ab3|366203|101436704occ8b83b46bc|4||201|0|0||||
10:31:32||StarterContent/Props/SM_Lamp_Wall.uasset|INST_NEW|Up|1525256345|e58185e3f4ee43e2b95be0ff31799a87|195149|101436708occ8b83b46bc|4||201|0|0||||
10:31:32||StarterContent/Props/SM_MatPreviewMesh_02.uasset|INST_NEW|Up|1525256345|ebe897c1d89304fb89ca486e95ddce78|2433318|101436720occ8b83b46bc|4||201|0|0||||
10:31:39||StarterContent/Props/SM_PillarFrame.uasset|INST_NEW|Up|1525256345|84d7bb0c06c020c1381420b5c30f74e5|170083|101436724occ8b83b46bc|4||201|0|0||||
10:31:40||StarterContent/Props/SM_PillarFrame300.uasset|INST_NEW|Up|1525256345|9f54072e2fe57a2bfab97a677ce65d5f|168988|101436732occ8b83b46bc|4||201|0|0||||
10:31:41||StarterContent/Props/SM_Rock.uasset|INST_NEW|Up|1525256345|8f20c8c29a29ce623a53f1a10139d145|217938|101436736occ8b83b46bc|4||201|0|0||||
10:31:41||StarterContent/Props/SM_Shelf.uasset|INST_NEW|Up|1525256345|4953907096d8fa048a029701b465439c|161196|101436740occ8b83b46bc|4||201|0|0||||
10:31:42||StarterContent/Props/SM_Stairs.uasset|INST_NEW|Up|1525256345|0e9e58466d4ccd7247d449569c6e5801|117613|101436748occ8b83b46bc|4||201|0|0||||
10:31:43||StarterContent/Props/SM_Statue.uasset|INST_NEW|Up|1525256337|781c9d925c9eee0bad32ef89781e4f30|592001|101436752occ8b83b46bc|4||201|0|0||||
10:31:45||StarterContent/Props/SM_TableRound.uasset|INST_NEW|Up|1525256337|92ecabdc7f724304a7a60274a4c37466|575600|101436760occ8b83b46bc|4||201|0|0||||
10:31:47||StarterContent/Props/SM_WindowFrame.uasset|INST_NEW|Up|1525256345|80078c1819bddf249b22d57602f50170|113854|101436764occ8b83b46bc|4||201|0|0||||
10:31:47||StarterContent/Textures|INST_NEW|Up|1525256354||28672|101436768occ8b83b46bc|4||201|0|0||||
10:31:47||StarterContent/Shapes|INST_NEW|Up|1525256346||4096|101436772occ8b83b46bc|4||201|0|0||||
10:32:11||StarterContent/Maps/StarterMap_BuiltData.uasset|INST_NEW|Up|1525256342|80d54b5f4b47b3743602b094ee88cc35|22514531|101436812occ8b83b46bc|4||201|0|0||||
10:32:12||StarterContent/Shapes/Shape_Cone.uasset|INST_NEW|Up|1525256346|7bb103e21d3878fe305fb2db5f55b28d|137455|101436816occ8b83b46bc|4||201|0|0||||
10:32:12||StarterContent/Shapes/Shape_Cube.uasset|INST_NEW|Up|1525256346|71abd9704fd56ab493636d66857aeb14|92608|101436820occ8b83b46bc|4||201|0|0||||
10:32:12||StarterContent/Shapes/Shape_Cylinder.uasset|INST_NEW|Up|1525256346|a77b38058958fe93dc966c1375a2136d|145507|101436824occ8b83b46bc|4||201|0|0||||
10:32:13||StarterContent/Shapes/Shape_NarrowCapsule.uasset|INST_NEW|Up|1525256346|e19b26e60fe92fed6d7783a70a659a35|251083|101436828occ8b83b46bc|4||201|0|0||||
10:32:15||StarterContent/Shapes/Shape_Pipe.uasset|INST_NEW|Up|1525256346|2844507305e54598f73ef20be2da2e5a|128013|101436832occ8b83b46bc|4||201|0|0||||
10:32:15||StarterContent/Shapes/Shape_Pipe_180.uasset|INST_NEW|Up|1525256346|2f6addf1879753f828feb887b7ecb596|247364|101436836occ8b83b46bc|4||201|0|0||||
10:32:16||StarterContent/Shapes/Shape_Pipe_90.uasset|INST_NEW|Up|1525256346|3319b7a15c36b856e63683256dcdf517|170074|101436840occ8b83b46bc|4||201|0|0||||
10:32:17||StarterContent/Shapes/Shape_Plane.uasset|INST_NEW|Up|1525256346|96b8e3acbaf847cd1db49a5660d558a6|89823|101436844occ8b83b46bc|4||201|0|0||||
10:32:17||StarterContent/Shapes/Shape_QuadPyramid.uasset|INST_NEW|Up|1525256346|f33e310d2f0e6f59165ce9a22a0a9dec|88630|101436848occ8b83b46bc|4||201|0|0||||
10:32:18||StarterContent/Shapes/Shape_Sphere.uasset|INST_NEW|Up|1525256346|1f4c07719ee641c4dbb6d76bd191263a|296234|101436852occ8b83b46bc|4||201|0|0||||
10:32:19||StarterContent/Shapes/Shape_Torus.uasset|INST_NEW|Up|1525256346|56123c5f2b543a4ff5769d3658301030|601342|101436860occ8b83b46bc|4||201|0|0||||
10:31:48||StarterContent/Textures/T_Brick_Clay_Beveled_D.uasset|INST_NEW|Up|1525256347|ba4bb5204a208d9ed9341ba142d7248b|7669497|101436864occ8b83b46bc|4||201|0|0||||
10:32:21||StarterContent/Shapes/Shape_TriPyramid.uasset|INST_NEW|Up|1525256346|b6ba7abef92661894f8a4a01adee5a85|91128|101436868occ8b83b46bc|4||201|0|0||||
10:32:21||StarterContent/Shapes/Shape_Trim_90_In.uasset|INST_NEW|Up|1525256346|11f7f481f9dbcbcf92c4db01f1fe03d7|126208|101436872occ8b83b46bc|4||201|0|0||||
10:32:22||StarterContent/Shapes/Shape_Trim_90_Out.uasset|INST_NEW|Up|1525256346|2922d63e895fc7f4e48d963c79cb442e|127541|101436876occ8b83b46bc|4||201|0|0||||
10:32:22||StarterContent/Shapes/Shape_Tube.uasset|INST_NEW|Up|1525256346|ea51dc1b66c5291c4b567eaa26de53c6|229606|101436880occ8b83b46bc|4||201|0|0||||
10:32:22||StarterContent/Shapes/Shape_Wedge_A.uasset|INST_NEW|Up|1525256346|31902e5d1953ba7da57a81cb1fafd8b9|90306|101436884occ8b83b46bc|4||201|0|0||||
10:32:21||StarterContent/Shapes/Shape_Trim.uasset|INST_NEW|Up|1525256346|74a1239ac5c1ab12558637fdc4efb9fc|100456|101436892occ8b83b46bc|4||201|0|0||||
10:32:22||StarterContent/Shapes/Shape_Wedge_B.uasset|INST_NEW|Up|1525256346|f5ba5a91fbfa6963816a77028e7e002e|79129|101436888occ8b83b46bc|4||201|0|0||||
10:32:23||StarterContent/Shapes/Shape_WideCapsule.uasset|INST_NEW|Up|1525256346|3c774a2e2916fc4f794d7d6a0792b32e|182633|101436896occ8b83b46bc|4||201|0|0||||
10:32:23||StarterContent/Textures/T_Brick_Clay_Beveled_M.uasset|INST_NEW|Up|1525256347|e542539456fbff292f7e2120c0f73e7f|8342992|101436916occ8b83b46bc|4||201|0|0||||
10:32:23||StarterContent/Textures/T_Brick_Clay_Beveled_N.uasset|INST_NEW|Up|1525256347|3171b4ae5444103b25d494d8eee3a0e4|7571727|101436924occ8b83b46bc|4||201|0|0||||
10:32:53||StarterContent/Textures/T_Brick_Clay_New_D.uasset|INST_NEW|Up|1525256347|824d6b6cbbf0470d0054420670f0348a|6053876|101436956occ8b83b46bc|4||201|0|0||||
10:32:54||StarterContent/Textures/T_Brick_Clay_New_M.uasset|INST_NEW|Up|1525256347|c891f155a030f2eadc6ee8e1e34ff1df|9211874|101436984occ8b83b46bc|4||201|0|0||||
10:33:15||StarterContent/Textures/T_Brick_Clay_New_N.uasset|INST_NEW|Up|1525256347|691aaa69ac2d384ec7f386249d6c591b|7888993|101437012occ8b83b46bc|4||201|0|0||||
10:34:16||StarterContent/Textures/T_Brick_Clay_Old_D.uasset|INST_NEW|Up|1525256347|83b2cc8e1fd42679f3fb396904a45e98|11446490|101437064occ8b83b46bc|4||201|0|0||||
10:33:50||StarterContent/Textures/T_Brick_Clay_Old_N.uasset|INST_NEW|Up|1525256347|50dc8407421f1348c0c6997afaba76b9|7815621|101437100occ8b83b46bc|4||201|0|0||||
10:34:37||StarterContent/Textures/T_Brick_Cut_Stone_N.uasset|INST_NEW|Up|1525256348|e72e00a10a20b73f871824eaa57b7fb5|6698836|101437148occ8b83b46bc|4||201|0|0||||
10:35:12||StarterContent/Textures/T_Brick_Cut_Stone_D.uasset|INST_NEW|Up|1525256348|d5041d19ae7e6934c11e1284daf7cd8b|13407230|101437164occ8b83b46bc|4||201|0|0||||
10:35:21||StarterContent/HDRI/HDRI_Epic_Courtyard_Daylight.uasset|INST_NEW|Up|1525256341|65db9eb8f1a492e31452a3ff10d5417c|72373299|101437184occ8b83b46bc|4||201|0|0||||
10:35:05||StarterContent/Textures/T_Brick_Hewn_Stone_D.uasset|INST_NEW|Up|1525256348|f4efe202276b05bb6332318b162c3a4d|7466285|101437216occ8b83b46bc|4||201|0|0||||
10:35:41||StarterContent/Textures/T_Burst_M.uasset|INST_NEW|Up|1525256348|40f5460cc6a7ee4a5967aa5ff014d049|155398|101437220occ8b83b46bc|4||201|0|0||||
10:35:41||StarterContent/Textures/T_Bush_D.uasset|INST_NEW|Up|1525256348|f8ceb429ae27b561a05ca316b2ba0529|577438|101437228occ8b83b46bc|4||201|0|0||||
10:35:44||StarterContent/Textures/T_Bush_N.uasset|INST_NEW|Up|1525256348|f21118d187fba4dd3f5a565fab59b763|418591|101437232occ8b83b46bc|4||201|0|0||||
10:35:12||StarterContent/Textures/T_Brick_Hewn_Stone_M.uasset|INST_NEW|Up|1525256348|49e4145ab2bac5d596f882c2de4a08fc|6819968|101437236occ8b83b46bc|4||201|0|0||||
10:35:45||StarterContent/Textures/T_Ceramic_Tile_M.uasset|INST_NEW|Up|1525256348|213076c0c0c34326b23acc73dfb18250|284819|101437240occ8b83b46bc|4||201|0|0||||
10:35:46||StarterContent/Textures/T_Ceramic_Tile_N.uasset|INST_NEW|Up|1525256348|0fb90cbac2f69a9b4e162d394204ba0a|233048|101437248occ8b83b46bc|4||201|0|0||||
10:35:46||StarterContent/Textures/T_Chair_M.uasset|INST_NEW|Up|1525256336|d825ef5b41ae44a9d6db26ad416708b4|590112|101437252occ8b83b46bc|4||201|0|0||||
10:35:48||StarterContent/Textures/T_Checker_Noise_M.uasset|INST_NEW|Up|1525256348|669d4a8812f7a358ea00de01ad32b212|175481|101437256occ8b83b46bc|4||201|0|0||||
